<?xml version="1.0" encoding="UTF-8"?>
<!-- Generated by org.testng.reporters.JUnitXMLReporter -->
<testsuite ignored="0" hostname="LAPTOP-GG5LC0BQ" failures="0" tests="2" name="Addition" time="0.182" errors="0" timestamp="2021-04-25T17:40:39 IST">
  <testcase classname="QualityKioskTraining.CalculatorOperation.Addition" name="additionWithNegativeNumber" time="0.032"/>
  <testcase classname="QualityKioskTraining.CalculatorOperation.Addition" name="additionWithPositiveNumber" time="0.01"/>
</testsuite> <!-- Addition -->
