<?xml version="1.0" encoding="UTF-8"?>
<!-- Generated by org.testng.reporters.JUnitXMLReporter -->
<testsuite ignored="0" hostname="LAPTOP-GG5LC0BQ" failures="0" tests="2" name="Subtraction" time="0.047" errors="0" timestamp="2021-04-25T17:40:39 IST">
  <testcase classname="QualityKioskTraining.CalculatorOperation.Subtraction" name="subtractionWithNegativeNumber" time="0.004"/>
  <testcase classname="QualityKioskTraining.CalculatorOperation.Subtraction" name="subtractionWithPositiveNumber" time="0.007"/>
</testsuite> <!-- Subtraction -->
