<?xml version="1.0" encoding="UTF-8"?>
<testsuite xmlns:xsi="http://www.w3.org/2001/XMLSchema-instance" xsi:noNamespaceSchemaLocation="https://maven.apache.org/surefire/maven-surefire-plugin/xsd/surefire-test-report.xsd" name="TestSuite" time="3.087" tests="8" errors="0" skipped="0" failures="0">
  <properties>
[...]
</properties>
  <testcase name="additionWithNegativeNumber" classname="QualityKioskTraining.CalculatorOperation.Addition" time="0.008"/>
  <testcase name="additionWithPositiveNumber" classname="QualityKioskTraining.CalculatorOperation.Addition" time="0"/>
  <testcase name="subtractionWithNegativeNumber" classname="QualityKioskTraining.CalculatorOperation.Subtraction" time="0"/>
  <testcase name="subtractionWithPositiveNumber" classname="QualityKioskTraining.CalculatorOperation.Subtraction" time="0"/>
  <testcase name="divisionWithNegativeNumber" classname="QualityKioskTraining.CalculatorOperation.Division" time="0"/>
  <testcase name="divisionWithPositiveNumber" classname="QualityKioskTraining.CalculatorOperation.Division" time="0"/>
  <testcase name="multiplicationWithNegativeNumber" classname="QualityKioskTraining.CalculatorOperation.Multiplication" time="0"/>
  <testcase name="multiplicationWithPositiveNumber" classname="QualityKioskTraining.CalculatorOperation.Multiplication" time="0"/>
</testsuite>