<?xml version="1.0" encoding="UTF-8"?>
<!-- Generated by org.testng.reporters.JUnitXMLReporter -->
<testsuite ignored="1" hostname="LAPTOP-GG5LC0BQ" failures="0" tests="1" name="Addition" time="0.197" errors="0" timestamp="2021-04-25T18:10:22 IST">
  <testcase classname="QualityKioskTraining.CalculatorOperation.Addition" name="additionWithPositiveNumber" time="0.023"/>
  <testcase classname="QualityKioskTraining.CalculatorOperation.Addition" name="additionWithNegativeNumber" time="0.0">
    <ignored/>
  </testcase> <!-- additionWithNegativeNumber -->
</testsuite> <!-- Addition -->
