<?xml version="1.0" encoding="UTF-8"?>
<!-- Generated by org.testng.reporters.JUnitXMLReporter -->
<testsuite ignored="1" hostname="LAPTOP-GG5LC0BQ" failures="0" tests="1" name="Division" time="0.026" errors="0" timestamp="2021-04-25T18:10:22 IST">
  <testcase classname="QualityKioskTraining.CalculatorOperation.Division" name="divisionWithPositiveNumber" time="0.008"/>
  <testcase classname="QualityKioskTraining.CalculatorOperation.Division" name="divisionWithNegativeNumber" time="0.0">
    <ignored/>
  </testcase> <!-- divisionWithNegativeNumber -->
</testsuite> <!-- Division -->
