<?xml version="1.0" encoding="UTF-8"?>
<!-- Generated by org.testng.reporters.JUnitXMLReporter -->
<testsuite ignored="1" hostname="LAPTOP-GG5LC0BQ" failures="0" tests="1" name="Multiplication" time="0.027" errors="0" timestamp="2021-04-25T18:10:22 IST">
  <testcase classname="QualityKioskTraining.CalculatorOperation.Multiplication" name="multiplicationWithPositiveNumber" time="0.005"/>
  <testcase classname="QualityKioskTraining.CalculatorOperation.Multiplication" name="multiplicationWithNegativeNumber" time="0.0">
    <ignored/>
  </testcase> <!-- multiplicationWithNegativeNumber -->
</testsuite> <!-- Multiplication -->
