<?xml version="1.0" encoding="UTF-8"?>
<!-- Generated by org.testng.reporters.JUnitXMLReporter -->
<testsuite ignored="1" hostname="LAPTOP-GG5LC0BQ" failures="0" tests="1" name="Subtraction" time="0.033" errors="0" timestamp="2021-04-25T18:10:22 IST">
  <testcase classname="QualityKioskTraining.CalculatorOperation.Subtraction" name="subtractionWithPositiveNumber" time="0.01"/>
  <testcase classname="QualityKioskTraining.CalculatorOperation.Subtraction" name="subtractionWithNegativeNumber" time="0.0">
    <ignored/>
  </testcase> <!-- subtractionWithNegativeNumber -->
</testsuite> <!-- Subtraction -->
