<?xml version="1.0" encoding="UTF-8"?>
<testng-results ignored="4" total="8" passed="4" failed="0" skipped="0">
  <reporter-output>
  </reporter-output>
  <suite started-at="2021-04-25T18:10:22 IST" name="SmokeTest" finished-at="2021-04-25T18:10:22 IST" duration-ms="491">
    <groups>
      <group name="SmokeTest">
        <method signature="Addition.additionWithPositiveNumber()[pri:0, instance:QualityKioskTraining.CalculatorOperation.Addition@41c2284a]" name="additionWithPositiveNumber" class="QualityKioskTraining.CalculatorOperation.Addition"/>
        <method signature="Subtraction.subtractionWithPositiveNumber()[pri:0, instance:QualityKioskTraining.CalculatorOperation.Subtraction@19d481b]" name="subtractionWithPositiveNumber" class="QualityKioskTraining.CalculatorOperation.Subtraction"/>
        <method signature="Division.divisionWithPositiveNumber()[pri:0, instance:QualityKioskTraining.CalculatorOperation.Division@73ee04c8]" name="divisionWithPositiveNumber" class="QualityKioskTraining.CalculatorOperation.Division"/>
        <method signature="Multiplication.multiplicationWithPositiveNumber()[pri:0, instance:QualityKioskTraining.CalculatorOperation.Multiplication@3d1cfad4]" name="multiplicationWithPositiveNumber" class="QualityKioskTraining.CalculatorOperation.Multiplication"/>
      </group> <!-- SmokeTest -->
    </groups>
    <test started-at="2021-04-25T18:10:22 IST" name="Addition" finished-at="2021-04-25T18:10:22 IST" duration-ms="197">
      <class name="QualityKioskTraining.CalculatorOperation.Addition">
        <test-method is-config="true" signature="beforeGroup()[pri:0, instance:QualityKioskTraining.CalculatorOperation.Addition@41c2284a]" started-at="2021-04-25T18:10:22 IST" name="beforeGroup" finished-at="2021-04-25T18:10:22 IST" duration-ms="24" status="PASS">
          <reporter-output>
          </reporter-output>
        </test-method> <!-- beforeGroup -->
        <test-method is-config="true" signature="reInitialise()[pri:0, instance:QualityKioskTraining.CalculatorOperation.Addition@41c2284a]" started-at="2021-04-25T18:10:22 IST" name="reInitialise" finished-at="2021-04-25T18:10:22 IST" duration-ms="2" status="PASS">
          <reporter-output>
          </reporter-output>
        </test-method> <!-- reInitialise -->
        <test-method signature="additionWithPositiveNumber()[pri:0, instance:QualityKioskTraining.CalculatorOperation.Addition@41c2284a]" started-at="2021-04-25T18:10:22 IST" name="additionWithPositiveNumber" finished-at="2021-04-25T18:10:22 IST" duration-ms="23" status="PASS">
          <reporter-output>
          </reporter-output>
        </test-method> <!-- additionWithPositiveNumber -->
      </class> <!-- QualityKioskTraining.CalculatorOperation.Addition -->
    </test> <!-- Addition -->
    <test started-at="2021-04-25T18:10:22 IST" name="Subtraction" finished-at="2021-04-25T18:10:22 IST" duration-ms="33">
      <class name="QualityKioskTraining.CalculatorOperation.Subtraction">
        <test-method is-config="true" signature="beforeGroup()[pri:0, instance:QualityKioskTraining.CalculatorOperation.Subtraction@19d481b]" started-at="2021-04-25T18:10:22 IST" name="beforeGroup" finished-at="2021-04-25T18:10:22 IST" duration-ms="1" status="PASS">
          <reporter-output>
          </reporter-output>
        </test-method> <!-- beforeGroup -->
        <test-method is-config="true" signature="reInitialised()[pri:0, instance:QualityKioskTraining.CalculatorOperation.Subtraction@19d481b]" started-at="2021-04-25T18:10:22 IST" name="reInitialised" finished-at="2021-04-25T18:10:22 IST" duration-ms="0" status="PASS">
          <reporter-output>
          </reporter-output>
        </test-method> <!-- reInitialised -->
        <test-method signature="subtractionWithPositiveNumber()[pri:0, instance:QualityKioskTraining.CalculatorOperation.Subtraction@19d481b]" started-at="2021-04-25T18:10:22 IST" name="subtractionWithPositiveNumber" finished-at="2021-04-25T18:10:22 IST" duration-ms="10" status="PASS">
          <reporter-output>
          </reporter-output>
        </test-method> <!-- subtractionWithPositiveNumber -->
      </class> <!-- QualityKioskTraining.CalculatorOperation.Subtraction -->
    </test> <!-- Subtraction -->
    <test started-at="2021-04-25T18:10:22 IST" name="Division" finished-at="2021-04-25T18:10:22 IST" duration-ms="26">
      <class name="QualityKioskTraining.CalculatorOperation.Division">
        <test-method is-config="true" signature="beforeGroup()[pri:0, instance:QualityKioskTraining.CalculatorOperation.Division@73ee04c8]" started-at="2021-04-25T18:10:22 IST" name="beforeGroup" finished-at="2021-04-25T18:10:22 IST" duration-ms="2" status="PASS">
          <reporter-output>
          </reporter-output>
        </test-method> <!-- beforeGroup -->
        <test-method is-config="true" signature="reInitialised()[pri:0, instance:QualityKioskTraining.CalculatorOperation.Division@73ee04c8]" started-at="2021-04-25T18:10:22 IST" name="reInitialised" finished-at="2021-04-25T18:10:22 IST" duration-ms="2" status="PASS">
          <reporter-output>
          </reporter-output>
        </test-method> <!-- reInitialised -->
        <test-method signature="divisionWithPositiveNumber()[pri:0, instance:QualityKioskTraining.CalculatorOperation.Division@73ee04c8]" started-at="2021-04-25T18:10:22 IST" name="divisionWithPositiveNumber" finished-at="2021-04-25T18:10:22 IST" duration-ms="8" status="PASS">
          <reporter-output>
          </reporter-output>
        </test-method> <!-- divisionWithPositiveNumber -->
      </class> <!-- QualityKioskTraining.CalculatorOperation.Division -->
    </test> <!-- Division -->
    <test started-at="2021-04-25T18:10:22 IST" name="Multiplication" finished-at="2021-04-25T18:10:22 IST" duration-ms="27">
      <class name="QualityKioskTraining.CalculatorOperation.Multiplication">
        <test-method is-config="true" signature="beforeGroup()[pri:0, instance:QualityKioskTraining.CalculatorOperation.Multiplication@3d1cfad4]" started-at="2021-04-25T18:10:22 IST" name="beforeGroup" finished-at="2021-04-25T18:10:22 IST" duration-ms="0" status="PASS">
          <reporter-output>
          </reporter-output>
        </test-method> <!-- beforeGroup -->
        <test-method is-config="true" signature="reInitialised()[pri:0, instance:QualityKioskTraining.CalculatorOperation.Multiplication@3d1cfad4]" started-at="2021-04-25T18:10:22 IST" name="reInitialised" finished-at="2021-04-25T18:10:22 IST" duration-ms="1" status="PASS">
          <reporter-output>
          </reporter-output>
        </test-method> <!-- reInitialised -->
        <test-method signature="multiplicationWithPositiveNumber()[pri:0, instance:QualityKioskTraining.CalculatorOperation.Multiplication@3d1cfad4]" started-at="2021-04-25T18:10:22 IST" name="multiplicationWithPositiveNumber" finished-at="2021-04-25T18:10:22 IST" duration-ms="5" status="PASS">
          <reporter-output>
          </reporter-output>
        </test-method> <!-- multiplicationWithPositiveNumber -->
      </class> <!-- QualityKioskTraining.CalculatorOperation.Multiplication -->
    </test> <!-- Multiplication -->
  </suite> <!-- SmokeTest -->
</testng-results>
