<?xml version="1.0" encoding="UTF-8"?>
<!-- Generated by org.testng.reporters.JUnitXMLReporter -->
<testsuite ignored="0" hostname="LAPTOP-GG5LC0BQ" failures="0" tests="2" name="Addition" time="0.069" errors="0" timestamp="2021-04-25T18:09:42 IST">
  <testcase classname="QualityKioskTraining.CalculatorOperation.Addition" name="additionWithNegativeNumber" time="0.006"/>
  <testcase classname="QualityKioskTraining.CalculatorOperation.Addition" name="additionWithPositiveNumber" time="0.0"/>
</testsuite> <!-- Addition -->
