<?xml version="1.0" encoding="UTF-8"?>
<!-- Generated by org.testng.reporters.JUnitXMLReporter -->
<testsuite ignored="0" hostname="LAPTOP-GG5LC0BQ" failures="0" tests="2" name="Division" time="0.009" errors="0" timestamp="2021-04-25T18:09:42 IST">
  <testcase classname="QualityKioskTraining.CalculatorOperation.Division" name="divisionWithNegativeNumber" time="0.0"/>
  <testcase classname="QualityKioskTraining.CalculatorOperation.Division" name="divisionWithPositiveNumber" time="0.001"/>
</testsuite> <!-- Division -->
