<?xml version="1.0" encoding="UTF-8"?>
<!-- Generated by org.testng.reporters.JUnitXMLReporter -->
<testsuite ignored="0" hostname="LAPTOP-GG5LC0BQ" failures="0" tests="2" name="Multiplication" time="0.011" errors="0" timestamp="2021-04-25T18:09:42 IST">
  <testcase classname="QualityKioskTraining.CalculatorOperation.Multiplication" name="multiplicationWithNegativeNumber" time="0.001"/>
  <testcase classname="QualityKioskTraining.CalculatorOperation.Multiplication" name="multiplicationWithPositiveNumber" time="0.0"/>
</testsuite> <!-- Multiplication -->
